<?xml version="1.0" encoding="UTF-8"?>
<!-- Generated by org.testng.reporters.JUnitReportReporter -->
<testsuite hostname="LAPTOP-E9DST324" name="org.adactin.paramaters.AdactinHotel" tests="2" failures="0" timestamp="6 Dec 2021 17:58:08 GMT" time="15.326" errors="0">
  <testcase name="test" time="5.931" classname="org.adactin.paramaters.AdactinHotel"/>
  <testcase name="test" time="9.395" classname="org.adactin.paramaters.AdactinHotel"/>
</testsuite> <!-- org.adactin.paramaters.AdactinHotel -->
