<?xml version="1.0" encoding="UTF-8"?>
<!-- Generated by org.testng.reporters.JUnitReportReporter -->
<testsuite hostname="LAPTOP-E9DST324" name="org.adactin.testng.test.B" tests="1" failures="0" timestamp="14 Jan 2022 08:06:10 GMT" time="0.001" errors="0">
  <testcase name="test1" time="0.001" classname="org.adactin.testng.test.B"/>
</testsuite> <!-- org.adactin.testng.test.B -->
