<?xml version="1.0" encoding="UTF-8"?>
<!-- Generated by org.testng.reporters.JUnitReportReporter -->
<testsuite hostname="LAPTOP-E9DST324" name="org.adactin.paramaters.A" tests="4" failures="0" timestamp="6 Dec 2021 17:58:08 GMT" time="0.021" errors="0">
  <testcase name="test1" time="0.001" classname="org.adactin.paramaters.A"/>
  <testcase name="test2" time="0.002" classname="org.adactin.paramaters.A"/>
  <testcase name="test2" time="0.002" classname="org.adactin.paramaters.A"/>
  <testcase name="test1" time="0.016" classname="org.adactin.paramaters.A"/>
</testsuite> <!-- org.adactin.paramaters.A -->
