<?xml version="1.0" encoding="UTF-8"?>
<!-- Generated by org.testng.reporters.JUnitReportReporter -->
<testsuite hostname="LAPTOP-E9DST324" name="org.adactin.paramaters.B" tests="2" failures="0" timestamp="6 Dec 2021 17:58:08 GMT" time="0.009" errors="0">
  <testcase name="test1" time="0.008" classname="org.adactin.paramaters.B"/>
  <testcase name="test1" time="0.001" classname="org.adactin.paramaters.B"/>
</testsuite> <!-- org.adactin.paramaters.B -->
