<?xml version="1.0" encoding="UTF-8"?>
<!-- Generated by org.testng.reporters.JUnitReportReporter -->
<testsuite hostname="LAPTOP-E9DST324" name="org.adactin.testng.test.A" tests="2" failures="0" timestamp="14 Jan 2022 08:48:29 GMT" time="0.012" errors="0">
  <testcase name="test1" time="0.011" classname="org.adactin.testng.test.A"/>
  <testcase name="test5" time="0.001" classname="org.adactin.testng.test.A"/>
</testsuite> <!-- org.adactin.testng.test.A -->
