<?xml version="1.0" encoding="UTF-8"?>
<!-- Generated by org.testng.reporters.JUnitReportReporter -->
<testsuite hostname="LAPTOP-E9DST324" name="org.adactin.testng.test.AdactinHotel" tests="1" failures="0" timestamp="14 Jan 2022 08:06:10 GMT" time="2.439" errors="0">
  <testcase name="test" time="2.439" classname="org.adactin.testng.test.AdactinHotel"/>
</testsuite> <!-- org.adactin.testng.test.AdactinHotel -->
