<?xml version="1.0" encoding="UTF-8"?>
<!-- Generated by org.testng.reporters.JUnitReportReporter -->
<testsuite hostname="LAPTOP-E9DST324" name="org.adactin.dataprovider.Datas" tests="2" failures="0" timestamp="22 Nov 2021 06:53:47 GMT" time="0.014" errors="0">
  <testcase name="test" time="0.012" classname="org.adactin.dataprovider.Datas"/>
  <testcase name="test" time="0.002" classname="org.adactin.dataprovider.Datas"/>
</testsuite> <!-- org.adactin.dataprovider.Datas -->
